{"C:\\Users\\kadhi\\proyectofullstackreact\\src\\router.ts": {"path":"C:\\Users\\kadhi\\proyectofullstackreact\\src\\router.ts","statementMap":{"0":{"start":{"line":1,"column":0},"end":{"line":1,"column":30}},"1":{"start":{"line":2,"column":0},"end":{"line":2,"column":48}},"2":{"start":{"line":3,"column":0},"end":{"line":3,"column":130}},"3":{"start":{"line":4,"column":0},"end":{"line":4,"column":49}},"4":{"start":{"line":7,"column":13},"end":{"line":7,"column":31}},"5":{"start":{"line":9,"column":0},"end":{"line":9,"column":null}},"6":{"start":{"line":10,"column":0},"end":{"line":14,"column":null}},"7":{"start":{"line":11,"column":65},"end":{"line":11,"column":71}},"8":{"start":{"line":16,"column":0},"end":{"line":28,"column":null}},"9":{"start":{"line":25,"column":25},"end":{"line":25,"column":34}},"10":{"start":{"line":30,"column":0},"end":{"line":43,"column":null}},"11":{"start":{"line":32,"column":65},"end":{"line":32,"column":71}},"12":{"start":{"line":39,"column":21},"end":{"line":39,"column":30}},"13":{"start":{"line":45,"column":0},"end":{"line":48,"column":null}},"14":{"start":{"line":46,"column":65},"end":{"line":46,"column":71}},"15":{"start":{"line":50,"column":0},"end":{"line":54,"column":null}},"16":{"start":{"line":51,"column":65},"end":{"line":51,"column":71}}},"fnMap":{"0":{"name":"(anonymous_0)","decl":{"start":{"line":11,"column":59},"end":{"line":11,"column":61}},"loc":{"start":{"line":11,"column":65},"end":{"line":11,"column":71}}},"1":{"name":"(anonymous_1)","decl":{"start":{"line":25,"column":16},"end":{"line":25,"column":21}},"loc":{"start":{"line":25,"column":25},"end":{"line":25,"column":34}}},"2":{"name":"(anonymous_2)","decl":{"start":{"line":32,"column":59},"end":{"line":32,"column":61}},"loc":{"start":{"line":32,"column":65},"end":{"line":32,"column":71}}},"3":{"name":"(anonymous_3)","decl":{"start":{"line":39,"column":12},"end":{"line":39,"column":17}},"loc":{"start":{"line":39,"column":21},"end":{"line":39,"column":30}}},"4":{"name":"(anonymous_4)","decl":{"start":{"line":46,"column":59},"end":{"line":46,"column":61}},"loc":{"start":{"line":46,"column":65},"end":{"line":46,"column":71}}},"5":{"name":"(anonymous_5)","decl":{"start":{"line":51,"column":59},"end":{"line":51,"column":61}},"loc":{"start":{"line":51,"column":65},"end":{"line":51,"column":71}}}},"branchMap":{},"s":{"0":2,"1":2,"2":2,"3":2,"4":2,"5":2,"6":2,"7":3,"8":2,"9":4,"10":2,"11":5,"12":5,"13":2,"14":2,"15":2,"16":3},"f":{"0":3,"1":4,"2":5,"3":5,"4":2,"5":3},"b":{}}
,"C:\\Users\\kadhi\\proyectofullstackreact\\src\\server.ts": {"path":"C:\\Users\\kadhi\\proyectofullstackreact\\src\\server.ts","statementMap":{"0":{"start":{"line":7,"column":0},"end":{"line":7,"column":7}},"1":{"start":{"line":1,"column":0},"end":{"line":1,"column":32}},"2":{"start":{"line":2,"column":0},"end":{"line":2,"column":27}},"3":{"start":{"line":3,"column":0},"end":{"line":3,"column":34}},"4":{"start":{"line":4,"column":0},"end":{"line":4,"column":33}},"5":{"start":{"line":8,"column":4},"end":{"line":15,"column":5}},"6":{"start":{"line":9,"column":8},"end":{"line":9,"column":null}},"7":{"start":{"line":10,"column":8},"end":{"line":10,"column":null}},"8":{"start":{"line":13,"column":8},"end":{"line":13,"column":null}},"9":{"start":{"line":14,"column":8},"end":{"line":14,"column":null}},"10":{"start":{"line":18,"column":0},"end":{"line":18,"column":12}},"11":{"start":{"line":21,"column":15},"end":{"line":21,"column":24}},"12":{"start":{"line":24,"column":0},"end":{"line":24,"column":null}},"13":{"start":{"line":26,"column":0},"end":{"line":26,"column":null}},"14":{"start":{"line":28,"column":0},"end":{"line":30,"column":null}},"15":{"start":{"line":29,"column":4},"end":{"line":29,"column":null}},"16":{"start":{"line":32,"column":0},"end":{"line":32,"column":null}}},"fnMap":{"0":{"name":"connectDB","decl":{"start":{"line":7,"column":22},"end":{"line":7,"column":31}},"loc":{"start":{"line":7,"column":31},"end":{"line":16,"column":1}}},"1":{"name":"(anonymous_2)","decl":{"start":{"line":28,"column":19},"end":{"line":28,"column":20}},"loc":{"start":{"line":28,"column":32},"end":{"line":30,"column":1}}}},"branchMap":{},"s":{"0":2,"1":2,"2":2,"3":2,"4":2,"5":3,"6":3,"7":2,"8":1,"9":1,"10":2,"11":2,"12":2,"13":2,"14":2,"15":1,"16":2},"f":{"0":3,"1":1},"b":{}}
,"C:\\Users\\kadhi\\proyectofullstackreact\\src\\config\\db.ts": {"path":"C:\\Users\\kadhi\\proyectofullstackreact\\src\\config\\db.ts","statementMap":{"0":{"start":{"line":1,"column":0},"end":{"line":1,"column":46}},"1":{"start":{"line":2,"column":0},"end":{"line":2,"column":27}},"2":{"start":{"line":3,"column":0},"end":{"line":3,"column":16}},"3":{"start":{"line":5,"column":13},"end":{"line":8,"column":3}}},"fnMap":{},"branchMap":{},"s":{"0":2,"1":2,"2":2,"3":2},"f":{},"b":{}}
,"C:\\Users\\kadhi\\proyectofullstackreact\\src\\handlers\\product.ts": {"path":"C:\\Users\\kadhi\\proyectofullstackreact\\src\\handlers\\product.ts","statementMap":{"0":{"start":{"line":2,"column":0},"end":{"line":2,"column":45}},"1":{"start":{"line":4,"column":27},"end":{"line":12,"column":1}},"2":{"start":{"line":5,"column":21},"end":{"line":10,"column":6}},"3":{"start":{"line":11,"column":4},"end":{"line":11,"column":null}},"4":{"start":{"line":4,"column":13},"end":{"line":4,"column":27}},"5":{"start":{"line":14,"column":30},"end":{"line":25,"column":1}},"6":{"start":{"line":15,"column":17},"end":{"line":15,"column":27}},"7":{"start":{"line":16,"column":20},"end":{"line":16,"column":46}},"8":{"start":{"line":18,"column":4},"end":{"line":22,"column":5}},"9":{"start":{"line":19,"column":8},"end":{"line":21,"column":null}},"10":{"start":{"line":24,"column":4},"end":{"line":24,"column":null}},"11":{"start":{"line":14,"column":13},"end":{"line":14,"column":30}},"12":{"start":{"line":28,"column":29},"end":{"line":31,"column":1}},"13":{"start":{"line":29,"column":20},"end":{"line":29,"column":50}},"14":{"start":{"line":30,"column":8},"end":{"line":30,"column":null}},"15":{"start":{"line":28,"column":13},"end":{"line":28,"column":29}},"16":{"start":{"line":34,"column":29},"end":{"line":50,"column":1}},"17":{"start":{"line":36,"column":17},"end":{"line":36,"column":27}},"18":{"start":{"line":37,"column":20},"end":{"line":37,"column":46}},"19":{"start":{"line":39,"column":4},"end":{"line":43,"column":5}},"20":{"start":{"line":40,"column":8},"end":{"line":42,"column":null}},"21":{"start":{"line":47,"column":4},"end":{"line":47,"column":null}},"22":{"start":{"line":48,"column":4},"end":{"line":48,"column":null}},"23":{"start":{"line":49,"column":4},"end":{"line":49,"column":null}},"24":{"start":{"line":34,"column":13},"end":{"line":34,"column":29}},"25":{"start":{"line":53,"column":34},"end":{"line":69,"column":1}},"26":{"start":{"line":55,"column":17},"end":{"line":55,"column":27}},"27":{"start":{"line":56,"column":20},"end":{"line":56,"column":46}},"28":{"start":{"line":58,"column":4},"end":{"line":62,"column":5}},"29":{"start":{"line":59,"column":8},"end":{"line":61,"column":null}},"30":{"start":{"line":66,"column":4},"end":{"line":66,"column":null}},"31":{"start":{"line":67,"column":4},"end":{"line":67,"column":null}},"32":{"start":{"line":68,"column":4},"end":{"line":68,"column":null}},"33":{"start":{"line":53,"column":13},"end":{"line":53,"column":34}},"34":{"start":{"line":72,"column":29},"end":{"line":86,"column":1}},"35":{"start":{"line":74,"column":17},"end":{"line":74,"column":27}},"36":{"start":{"line":75,"column":20},"end":{"line":75,"column":46}},"37":{"start":{"line":77,"column":4},"end":{"line":81,"column":5}},"38":{"start":{"line":78,"column":8},"end":{"line":80,"column":null}},"39":{"start":{"line":84,"column":4},"end":{"line":84,"column":null}},"40":{"start":{"line":85,"column":4},"end":{"line":85,"column":null}},"41":{"start":{"line":72,"column":13},"end":{"line":72,"column":29}}},"fnMap":{"0":{"name":"(anonymous_1)","decl":{"start":{"line":4,"column":27},"end":{"line":4,"column":32}},"loc":{"start":{"line":4,"column":65},"end":{"line":12,"column":1}}},"1":{"name":"(anonymous_2)","decl":{"start":{"line":14,"column":30},"end":{"line":14,"column":35}},"loc":{"start":{"line":14,"column":68},"end":{"line":25,"column":1}}},"2":{"name":"(anonymous_3)","decl":{"start":{"line":28,"column":29},"end":{"line":28,"column":34}},"loc":{"start":{"line":28,"column":68},"end":{"line":31,"column":1}}},"3":{"name":"(anonymous_4)","decl":{"start":{"line":34,"column":29},"end":{"line":34,"column":34}},"loc":{"start":{"line":34,"column":67},"end":{"line":50,"column":1}}},"4":{"name":"(anonymous_5)","decl":{"start":{"line":53,"column":34},"end":{"line":53,"column":39}},"loc":{"start":{"line":53,"column":72},"end":{"line":69,"column":1}}},"5":{"name":"(anonymous_6)","decl":{"start":{"line":72,"column":29},"end":{"line":72,"column":34}},"loc":{"start":{"line":72,"column":67},"end":{"line":86,"column":1}}}},"branchMap":{"0":{"loc":{"start":{"line":18,"column":4},"end":{"line":22,"column":5}},"type":"if","locations":[{"start":{"line":18,"column":4},"end":{"line":22,"column":5}}]},"1":{"loc":{"start":{"line":39,"column":4},"end":{"line":43,"column":5}},"type":"if","locations":[{"start":{"line":39,"column":4},"end":{"line":43,"column":5}}]},"2":{"loc":{"start":{"line":58,"column":4},"end":{"line":62,"column":5}},"type":"if","locations":[{"start":{"line":58,"column":4},"end":{"line":62,"column":5}}]},"3":{"loc":{"start":{"line":77,"column":4},"end":{"line":81,"column":5}},"type":"if","locations":[{"start":{"line":77,"column":4},"end":{"line":81,"column":5}}]}},"s":{"0":2,"1":2,"2":2,"3":2,"4":2,"5":2,"6":2,"7":2,"8":2,"9":1,"10":1,"11":2,"12":2,"13":1,"14":1,"15":2,"16":2,"17":2,"18":2,"19":2,"20":1,"21":1,"22":1,"23":1,"24":2,"25":2,"26":2,"27":2,"28":2,"29":1,"30":1,"31":1,"32":1,"33":2,"34":2,"35":2,"36":2,"37":2,"38":1,"39":1,"40":1,"41":2},"f":{"0":2,"1":2,"2":1,"3":2,"4":2,"5":2},"b":{"0":[1],"1":[1],"2":[1],"3":[1]}}
,"C:\\Users\\kadhi\\proyectofullstackreact\\src\\middleware\\index.ts": {"path":"C:\\Users\\kadhi\\proyectofullstackreact\\src\\middleware\\index.ts","statementMap":{"0":{"start":{"line":2,"column":0},"end":{"line":2,"column":51}},"1":{"start":{"line":4,"column":33},"end":{"line":11,"column":1}},"2":{"start":{"line":6,"column":17},"end":{"line":6,"column":38}},"3":{"start":{"line":7,"column":4},"end":{"line":9,"column":5}},"4":{"start":{"line":8,"column":8},"end":{"line":8,"column":null}},"5":{"start":{"line":10,"column":4},"end":{"line":10,"column":11}},"6":{"start":{"line":4,"column":13},"end":{"line":4,"column":33}}},"fnMap":{"0":{"name":"(anonymous_0)","decl":{"start":{"line":4,"column":33},"end":{"line":4,"column":34}},"loc":{"start":{"line":4,"column":85},"end":{"line":11,"column":1}}}},"branchMap":{"0":{"loc":{"start":{"line":7,"column":4},"end":{"line":9,"column":5}},"type":"if","locations":[{"start":{"line":7,"column":4},"end":{"line":9,"column":5}}]}},"s":{"0":2,"1":2,"2":17,"3":17,"4":8,"5":9,"6":2},"f":{"0":17},"b":{"0":[8]}}
,"C:\\Users\\kadhi\\proyectofullstackreact\\src\\models\\Product.model.ts": {"path":"C:\\Users\\kadhi\\proyectofullstackreact\\src\\models\\Product.model.ts","statementMap":{"0":{"start":{"line":1,"column":0},"end":{"line":1,"column":79}},"1":{"start":{"line":7,"column":15},"end":{"line":23,"column":null}},"2":{"start":{"line":11,"column":12},"end":{"line":11,"column":null}},"3":{"start":{"line":16,"column":12},"end":{"line":16,"column":null}},"4":{"start":{"line":22,"column":12},"end":{"line":22,"column":null}},"5":{"start":{"line":7,"column":21},"end":{"line":23,"column":null}},"6":{"start":{"line":7,"column":21},"end":{"line":7,"column":29}}},"fnMap":{},"branchMap":{},"s":{"0":3,"1":3,"2":3,"3":3,"4":3,"5":3,"6":3},"f":{},"b":{}}
}
